Arguments: 
  /usr/bin/node /usr/share/yarn/bin/yarn.js install

PATH: 
  /home/francisco/.local/bin:/usr/local/sbin:/usr/local/bin:/usr/sbin:/usr/bin:/sbin:/bin:/usr/games:/usr/local/games:/snap/bin:/usr/local/go/bin:/home/francisco/work/bin

Yarn version: 
  1.22.5

Node version: 
  10.19.0

Platform: 
  linux x64

Trace: 
  Error: getaddrinfo EAI_AGAIN registry.yarnpkg.com registry.yarnpkg.com:443
      at GetAddrInfoReqWrap.onlookup [as oncomplete] (dns.js:56:26)

npm manifest: 
  {
    "name": "2020-1--Grupo-1",
    "version": "1.0.0",
    "main": "index.js",
    "scripts": {
    
      "start": "nodemon ./src/server.js --ignore __tests__",
     
      "pretest": "NODE_ENV=test sequelize db:migrate",
      "test": "NODE_ENV=test jest --runInBand",
      "posttest": "NODE_ENV=test  sequelize db:migrate:undo:all"
    },
    "repository": "https://github.com/fga-eps-mds/2020-1--Grupo-1.git",
    "author": "francisco1code <francisco170142329@gmail.com>",
    "license": "MIT",
    "dependencies": {
      "bcryptjs": "^2.4.3",
      "cors": "^2.8.5",
      "dotenv": "^8.2.0",
      "express": "^4.17.1",
      "jsonwebtoken": "^8.5.1",
      "nodemon": "^2.0.4",
      "pg": "^8.3.3",
      "pg-hstore": "^2.3.3",
      "sequelize": "^6.3.5",
      "yup": "^0.29.3"
    },
    "devDependencies": {
      "@sucrase/jest-plugin": "^2.0.0",
      "@types/jest": "^26.0.14",
      "factory-girl": "^5.0.4",
      "faker": "^5.1.0",
      "jest": "^26.5.3",
      "sequelize-cli": "^6.2.0",
      "sqlite3": "^5.0.0",
      "sucrase": "^3.15.0",
      "supertest": "^5.0.0"
    }
  }

yarn manifest: 
  No manifest

Lockfile: 
  No lockfile
